{"timestamp": "2026-01-29 13:28:01", "event": "process_started", "payload": {"program": "manual_only", "pid": 19473}}
{"timestamp": "2026-01-29 13:28:01", "event": "process_started", "payload": {"program": "manual_only", "pid": 19474}}
{"timestamp": "2026-01-29 13:28:01", "event": "process_started", "payload": {"program": "manual_only", "pid": 19484}}
{"timestamp": "2026-01-29 13:28:21", "event": "process_exited", "payload": {"program": "manual_only", "pid": 19473}}
{"timestamp": "2026-01-29 13:28:21", "event": "process_exited", "payload": {"program": "manual_only", "pid": 19474}}
{"timestamp": "2026-01-29 13:28:21", "event": "process_exited", "payload": {"program": "manual_only", "pid": 19484}}
{"timestamp": "2026-01-29 13:28:55", "event": "process_started", "payload": {"program": "manual_only", "pid": 19594}}
{"timestamp": "2026-01-29 13:28:55", "event": "process_started", "payload": {"program": "manual_only", "pid": 19595}}
{"timestamp": "2026-01-29 13:28:55", "event": "process_started", "payload": {"program": "manual_only", "pid": 19596}}
{"timestamp": "2026-01-29 13:29:15", "event": "process_exited", "payload": {"program": "manual_only", "pid": 19594}}
{"timestamp": "2026-01-29 13:29:15", "event": "process_exited", "payload": {"program": "manual_only", "pid": 19595}}
{"timestamp": "2026-01-29 13:29:15", "event": "process_exited", "payload": {"program": "manual_only", "pid": 19596}}
{"timestamp": "2026-01-29 13:29:22", "event": "process_started", "payload": {"program": "fast_ok", "pid": 19680}}
{"timestamp": "2026-01-29 13:29:22", "event": "process_started", "payload": {"program": "slow_start", "pid": 19681}}
{"timestamp": "2026-01-29 13:29:22", "event": "process_started", "payload": {"program": "manual_only", "pid": 19682}}
{"timestamp": "2026-01-29 13:29:22", "event": "process_started", "payload": {"program": "manual_only", "pid": 19684}}
{"timestamp": "2026-01-29 13:29:22", "event": "process_started", "payload": {"program": "manual_only", "pid": 19686}}
{"timestamp": "2026-01-29 13:29:22", "event": "process_started", "payload": {"program": "manual_only", "pid": 19688}}
{"timestamp": "2026-01-29 13:29:22", "event": "process_started", "payload": {"program": "manual_only", "pid": 19690}}
{"timestamp": "2026-01-29 13:29:22", "event": "process_started", "payload": {"program": "multi_proc", "pid": 19692}}
{"timestamp": "2026-01-29 13:29:22", "event": "process_started", "payload": {"program": "multi_proc", "pid": 19694}}
{"timestamp": "2026-01-29 13:29:22", "event": "process_started", "payload": {"program": "multi_proc", "pid": 19696}}
{"timestamp": "2026-01-29 13:29:28", "event": "process_exited", "payload": {"program": "slow_start", "pid": 19681}}
{"timestamp": "2026-01-29 13:29:32", "event": "process_exited", "payload": {"program": "fast_ok", "pid": 19680}}
{"timestamp": "2026-01-29 13:29:37", "event": "process_exited", "payload": {"program": "multi_proc", "pid": 19694}}
{"timestamp": "2026-01-29 13:29:37", "event": "process_exited", "payload": {"program": "multi_proc", "pid": 19692}}
{"timestamp": "2026-01-29 13:29:37", "event": "process_exited", "payload": {"program": "multi_proc", "pid": 19696}}
{"timestamp": "2026-01-29 13:29:42", "event": "process_exited", "payload": {"program": "manual_only", "pid": 19682}}
{"timestamp": "2026-01-29 13:29:42", "event": "process_exited", "payload": {"program": "manual_only", "pid": 19686}}
{"timestamp": "2026-01-29 13:29:42", "event": "process_exited", "payload": {"program": "manual_only", "pid": 19684}}
{"timestamp": "2026-01-29 13:29:42", "event": "process_exited", "payload": {"program": "manual_only", "pid": 19688}}
{"timestamp": "2026-01-29 13:29:42", "event": "process_exited", "payload": {"program": "manual_only", "pid": 19690}}
{"timestamp": "2026-01-29 13:30:11", "event": "process_started", "payload": {"program": "fast_ok", "pid": 19815}}
{"timestamp": "2026-01-29 13:30:11", "event": "process_started", "payload": {"program": "slow_start", "pid": 19816}}
{"timestamp": "2026-01-29 13:30:11", "event": "process_started", "payload": {"program": "manual_only", "pid": 19817}}
{"timestamp": "2026-01-29 13:30:11", "event": "process_started", "payload": {"program": "multi_proc", "pid": 19819}}
{"timestamp": "2026-01-29 13:30:11", "event": "process_started", "payload": {"program": "multi_proc", "pid": 19823}}
{"timestamp": "2026-01-29 13:30:11", "event": "process_started", "payload": {"program": "multi_proc", "pid": 19825}}
{"timestamp": "2026-01-29 13:30:17", "event": "process_exited", "payload": {"program": "slow_start", "pid": 19816}}
{"timestamp": "2026-01-29 13:30:21", "event": "process_exited", "payload": {"program": "fast_ok", "pid": 19815}}
{"timestamp": "2026-01-29 13:30:23", "event": "process_stopped", "payload": {"program": "crash_loop", "pid": 19869}}
{"timestamp": "2026-01-29 13:30:23", "event": "process_stopped", "payload": {"program": "manual_only", "pid": 19817}}
{"timestamp": "2026-01-29 13:30:23", "event": "process_stopped", "payload": {"program": "multi_proc", "pid": 19819}}
{"timestamp": "2026-01-29 13:30:23", "event": "process_stopped", "payload": {"program": "multi_proc", "pid": 19823}}
{"timestamp": "2026-01-29 13:30:23", "event": "process_stopped", "payload": {"program": "multi_proc", "pid": 19825}}
{"timestamp": "2026-01-29 13:45:24", "event": "process_started", "payload": {"program": "manual_only", "pid": 20170}}
{"timestamp": "2026-01-29 13:45:44", "event": "process_exited", "payload": {"program": "manual_only", "pid": 20170}}
{"timestamp": "2026-01-29 13:45:45", "event": "process_started", "payload": {"program": "fast_ok", "pid": 20337}}
{"timestamp": "2026-01-29 13:45:45", "event": "process_started", "payload": {"program": "slow_start", "pid": 20338}}
{"timestamp": "2026-01-29 13:45:45", "event": "process_started", "payload": {"program": "manual_only", "pid": 20341}}
{"timestamp": "2026-01-29 13:45:45", "event": "process_started", "payload": {"program": "multi_proc", "pid": 20343}}
{"timestamp": "2026-01-29 13:45:45", "event": "process_started", "payload": {"program": "multi_proc", "pid": 20345}}
{"timestamp": "2026-01-29 13:45:45", "event": "process_started", "payload": {"program": "multi_proc", "pid": 20347}}
{"timestamp": "2026-01-29 13:45:51", "event": "process_exited", "payload": {"program": "slow_start", "pid": 20338}}
{"timestamp": "2026-01-29 13:45:55", "event": "process_exited", "payload": {"program": "fast_ok", "pid": 20337}}
{"timestamp": "2026-01-29 13:46:00", "event": "process_exited", "payload": {"program": "multi_proc", "pid": 20343}}
{"timestamp": "2026-01-29 13:46:00", "event": "process_exited", "payload": {"program": "multi_proc", "pid": 20345}}
{"timestamp": "2026-01-29 13:46:00", "event": "process_exited", "payload": {"program": "multi_proc", "pid": 20347}}
{"timestamp": "2026-01-29 13:46:05", "event": "process_exited", "payload": {"program": "manual_only", "pid": 20341}}
{"timestamp": "2026-01-29 14:04:14", "event": "process_started", "payload": {"program": "manual_only", "pid": 20843}}
{"timestamp": "2026-01-29 14:04:15", "event": "daemon_started", "payload": {"pid": 20835}}
{"timestamp": "2026-01-29 14:11:14", "event": "process_started", "payload": {"program": "manual_only", "pid": 21052}}
{"timestamp": "2026-01-29 14:11:15", "event": "daemon_started", "payload": {"pid": 21044}}
{"timestamp": "2026-01-29 14:11:15", "event": "daemon_started", "payload": {"pid": 21044}}
{"timestamp": "2026-01-29 14:11:34", "event": "process_exited", "payload": {"program": "manual_only", "pid": 21052}}
{"timestamp": "2026-01-29 14:11:34", "event": "process_exited", "payload": {"program": "manual_only", "pid": 21052}}
{"timestamp": "2026-01-29 14:13:27", "event": "process_started", "payload": {"program": "manual_only", "pid": 21470}}
{"timestamp": "2026-01-29 14:13:38", "event": "process_stopped", "payload": {"program": "manual_only", "pid": 21470}}
{"timestamp": "2026-01-29 14:13:46", "event": "process_started", "payload": {"program": "fast_ok", "pid": 21560}}
{"timestamp": "2026-01-29 14:13:47", "event": "process_started", "payload": {"program": "slow_start", "pid": 21561}}
{"timestamp": "2026-01-29 14:13:47", "event": "process_started", "payload": {"program": "multi_proc", "pid": 21563}}
{"timestamp": "2026-01-29 14:13:47", "event": "process_started", "payload": {"program": "multi_proc", "pid": 21565}}
{"timestamp": "2026-01-29 14:13:47", "event": "process_started", "payload": {"program": "multi_proc", "pid": 21567}}
{"timestamp": "2026-01-29 14:13:47", "event": "process_exited", "payload": {"program": "manual_only", "pid": 21470}}
{"timestamp": "2026-01-29 14:13:47", "event": "process_exited", "payload": {"program": "manual_only", "pid": 21470}}
{"timestamp": "2026-01-29 14:13:53", "event": "process_exited", "payload": {"program": "slow_start", "pid": 21561}}
{"timestamp": "2026-01-29 14:13:53", "event": "process_exited", "payload": {"program": "slow_start", "pid": 21561}}
{"timestamp": "2026-01-29 15:17:14", "event": "process_started", "payload": {"program": "manual_only", "pid": 22596}}
{"timestamp": "2026-01-29 15:17:15", "event": "daemon_started", "payload": {"pid": 22579}}
{"timestamp": "2026-01-29 15:17:35", "event": "process_exited", "payload": {"program": "manual_only", "pid": 22596}}
{"timestamp": "2026-01-29 15:17:35", "event": "process_exited", "payload": {"program": "manual_only", "pid": 22596}}
{"timestamp": "2026-01-29 15:17:52", "event": "process_started", "payload": {"program": "fast_ok", "pid": 22720}}
{"timestamp": "2026-01-29 15:17:52", "event": "process_started", "payload": {"program": "slow_start", "pid": 22721}}
{"timestamp": "2026-01-29 15:17:52", "event": "process_started", "payload": {"program": "manual_only", "pid": 22723}}
{"timestamp": "2026-01-29 15:17:52", "event": "process_started", "payload": {"program": "multi_proc", "pid": 22725}}
{"timestamp": "2026-01-29 15:17:52", "event": "process_started", "payload": {"program": "multi_proc", "pid": 22727}}
{"timestamp": "2026-01-29 15:17:53", "event": "process_started", "payload": {"program": "multi_proc", "pid": 22729}}
{"timestamp": "2026-01-29 15:17:58", "event": "process_exited", "payload": {"program": "slow_start", "pid": 22721}}
{"timestamp": "2026-01-29 15:17:58", "event": "process_exited", "payload": {"program": "slow_start", "pid": 22721}}
{"timestamp": "2026-01-29 15:18:02", "event": "process_exited", "payload": {"program": "fast_ok", "pid": 22720}}
{"timestamp": "2026-01-29 15:18:02", "event": "process_exited", "payload": {"program": "fast_ok", "pid": 22720}}
{"timestamp": "2026-01-29 15:18:08", "event": "process_exited", "payload": {"program": "multi_proc", "pid": 22725}}
{"timestamp": "2026-01-29 15:18:08", "event": "process_exited", "payload": {"program": "multi_proc", "pid": 22725}}
{"timestamp": "2026-01-29 15:18:08", "event": "process_exited", "payload": {"program": "multi_proc", "pid": 22727}}
{"timestamp": "2026-01-29 15:18:08", "event": "process_exited", "payload": {"program": "multi_proc", "pid": 22729}}
{"timestamp": "2026-01-29 15:18:08", "event": "process_exited", "payload": {"program": "multi_proc", "pid": 22727}}
{"timestamp": "2026-01-29 15:18:08", "event": "process_exited", "payload": {"program": "multi_proc", "pid": 22729}}
{"timestamp": "2026-01-29 15:18:13", "event": "process_exited", "payload": {"program": "manual_only", "pid": 22723}}
{"timestamp": "2026-01-29 15:18:13", "event": "process_exited", "payload": {"program": "manual_only", "pid": 22723}}
{"timestamp": "2026-01-29 15:18:23", "event": "process_started", "payload": {"program": "manual_only", "pid": 22829}}
{"timestamp": "2026-01-29 15:18:30", "event": "process_stopped", "payload": {"program": "crash_loop", "pid": 22864}}
{"timestamp": "2026-01-29 15:18:30", "event": "process_stopped", "payload": {"program": "crash_loop", "pid": 22863}}
{"timestamp": "2026-01-29 15:18:43", "event": "process_exited", "payload": {"program": "manual_only", "pid": 22829}}
{"timestamp": "2026-01-29 15:18:43", "event": "process_exited", "payload": {"program": "manual_only", "pid": 22829}}
{"timestamp": "2026-01-29 15:19:05", "event": "daemon_stopping", "payload": {"signal": 15}}
